[debug] [2023-08-18T03:50:10.700Z] ----------------------------------------------------------------------
[debug] [2023-08-18T03:50:10.703Z] Command:       C:\Program Files\nodejs\node.exe C:\Users\moham\AppData\Roaming\npm\node_modules\firebase-tools\lib\bin\firebase.js init
[debug] [2023-08-18T03:50:10.704Z] CLI Version:   12.4.8
[debug] [2023-08-18T03:50:10.704Z] Platform:      win32
[debug] [2023-08-18T03:50:10.704Z] Node Version:  v16.15.0
[debug] [2023-08-18T03:50:10.706Z] Time:          Fri Aug 18 2023 05:50:10 GMT+0200 (Eastern European Standard Time)
[debug] [2023-08-18T03:50:10.706Z] ----------------------------------------------------------------------
[debug] 
[debug] [2023-08-18T03:50:10.717Z] > command requires scopes: ["email","openid","https://www.googleapis.com/auth/cloudplatformprojects.readonly","https://www.googleapis.com/auth/firebase","https://www.googleapis.com/auth/cloud-platform"]
[debug] [2023-08-18T03:50:10.718Z] > authorizing via signed-in user (mohamedawad0201@gmail.com)
[info] 
     ######## #### ########  ######## ########     ###     ######  ########
     ##        ##  ##     ## ##       ##     ##  ##   ##  ##       ##
     ######    ##  ########  ######   ########  #########  ######  ######
     ##        ##  ##    ##  ##       ##     ## ##     ##       ## ##
     ##       #### ##     ## ######## ########  ##     ##  ######  ########

You're about to initialize a Firebase project in this directory:

  E:\The_Workshop\Tourism

[info] 
=== Project Setup
[info] 
[info] First, let's associate this project directory with a Firebase project.
[info] You can create multiple project aliases by running firebase use --add, 
[info] but for now we'll just set up a default project.
[info] 
[debug] [2023-08-18T03:52:02.322Z] >>> [apiv2][query] GET https://firebase.googleapis.com/v1beta1/projects pageSize=100
[debug] [2023-08-18T03:52:03.043Z] <<< [apiv2][status] GET https://firebase.googleapis.com/v1beta1/projects 200
[debug] [2023-08-18T03:52:03.043Z] <<< [apiv2][body] GET https://firebase.googleapis.com/v1beta1/projects [omitted]
[info] i  Using project tourism-13 (Tourism) 
[info] 
=== Hosting Setup
[info] 
[info] Your public directory is the folder (relative to your project directory) that
[info] will contain Hosting assets to be uploaded with firebase deploy. If you
[info] have a build process for your assets, use your build's output directory.
[info] 
[debug] [2023-08-18T03:52:25.753Z] >>> [apiv2][query] GET https://www.gstatic.com/firebasejs/releases.json [none]
[debug] [2023-08-18T03:52:25.934Z] <<< [apiv2][status] GET https://www.gstatic.com/firebasejs/releases.json 200
[debug] [2023-08-18T03:52:25.934Z] <<< [apiv2][body] GET https://www.gstatic.com/firebasejs/releases.json {"current":{"version":"10.2.0","browserURL":"https://www.gstatic.com/firebasejs/10.2.0/firebase.js","packageURL":"https://www.gstatic.com/firebasejs/10.2.0/firebase.tgz"},"live":{"version":"10.2","browserURL":"https://www.gstatic.com/firebasejs/live/10.2/firebase.js","packageURL":"https://www.gstatic.com/firebasejs/live/10.2/firebase.tgz"},"components":{"analytics":"https://www.gstatic.com/firebasejs/10.2.0/firebase-analytics.js","app":"https://www.gstatic.com/firebasejs/10.2.0/firebase-app.js","app-check":"https://www.gstatic.com/firebasejs/10.2.0/firebase-app-check.js","auth":"https://www.gstatic.com/firebasejs/10.2.0/firebase-auth.js","auth/cordova":"https://www.gstatic.com/firebasejs/10.2.0/firebase-auth/cordova.js","functions":"https://www.gstatic.com/firebasejs/10.2.0/firebase-functions.js","firestore":"https://www.gstatic.com/firebasejs/10.2.0/firebase-firestore.js","firestore/lite":"https://www.gstatic.com/firebasejs/10.2.0/firebase-firestore/lite.js","installations":"https://www.gstatic.com/firebasejs/10.2.0/firebase-installations.js","storage":"https://www.gstatic.com/firebasejs/10.2.0/firebase-storage.js","performance":"https://www.gstatic.com/firebasejs/10.2.0/firebase-performance.js","remote-config":"https://www.gstatic.com/firebasejs/10.2.0/firebase-remote-config.js","messaging":"https://www.gstatic.com/firebasejs/10.2.0/firebase-messaging.js","messaging/sw":"https://www.gstatic.com/firebasejs/10.2.0/firebase-messaging/sw.js","database":"https://www.gstatic.com/firebasejs/10.2.0/firebase-database.js","firestore.memory":"https://www.gstatic.com/firebasejs/10.2.0/firebase-firestore.memory.js"}}
[info] +  Wrote public/index.html 
[info] 
[info] i  Didn't detect a .git folder. Assuming E:\The_Workshop\Tourism is the project root. 
[info] i  Authorizing with GitHub to upload your service account to a GitHub repository's secrets store. 
[info] 
[info] Visit this URL on this device to log in:
[info] https://github.com/login/oauth/authorize?client_id=89cf50f02ac6aaed3484&state=559932465&redirect_uri=http%3A%2F%2Flocalhost%3A9005&scope=read%3Auser%20repo%20public_repo
[info] 
[info] Waiting for authentication...
[debug] [2023-08-18T03:52:38.980Z] >>> [apiv2][query] POST https://github.com/login/oauth/access_token [none]
[debug] [2023-08-18T03:52:38.980Z] >>> [apiv2][body] POST https://github.com/login/oauth/access_token [stream]
[debug] [2023-08-18T03:52:39.452Z] <<< [apiv2][status] POST https://github.com/login/oauth/access_token 200
[debug] [2023-08-18T03:52:39.453Z] <<< [apiv2][body] POST https://github.com/login/oauth/access_token {"access_token":"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","token_type":"bearer","scope":"read:user,repo"}
[debug] [2023-08-18T03:52:39.464Z] >>> [apiv2][query] GET https://api.github.com/user [none]
[debug] [2023-08-18T03:52:39.882Z] <<< [apiv2][status] GET https://api.github.com/user 200
[debug] [2023-08-18T03:52:39.882Z] <<< [apiv2][body] GET https://api.github.com/user {"login":"Mohamed12awad","id":25401793,"node_id":"MDQ6VXNlcjI1NDAxNzkz","avatar_url":"https://avatars.githubusercontent.com/u/25401793?v=4","gravatar_id":"","url":"https://api.github.com/users/Mohamed12awad","html_url":"https://github.com/Mohamed12awad","followers_url":"https://api.github.com/users/Mohamed12awad/followers","following_url":"https://api.github.com/users/Mohamed12awad/following{/other_user}","gists_url":"https://api.github.com/users/Mohamed12awad/gists{/gist_id}","starred_url":"https://api.github.com/users/Mohamed12awad/starred{/owner}{/repo}","subscriptions_url":"https://api.github.com/users/Mohamed12awad/subscriptions","organizations_url":"https://api.github.com/users/Mohamed12awad/orgs","repos_url":"https://api.github.com/users/Mohamed12awad/repos","events_url":"https://api.github.com/users/Mohamed12awad/events{/privacy}","received_events_url":"https://api.github.com/users/Mohamed12awad/received_events","type":"User","site_admin":false,"name":null,"company":null,"blog":"","location":null,"email":null,"hireable":null,"bio":null,"twitter_username":null,"public_repos":6,"public_gists":0,"followers":0,"following":1,"created_at":"2017-01-28T11:45:04Z","updated_at":"2023-08-06T10:55:07Z","private_gists":0,"total_private_repos":0,"owned_private_repos":0,"disk_usage":50125,"collaborators":0,"two_factor_authentication":false,"plan":{"name":"free","space":976562499,"collaborators":0,"private_repos":10000}}
[info] 
[info] +  Success! Logged into GitHub as Mohamed12awad 
[info] 
